<?xml version="1.0" encoding="utf-8"?>
<TestRun id="84b7abd5-5e7d-485a-8e2c-bab09488cd51" name="triandco@ULTRAZORD 2022-11-28 14:58:54" runUser="Ultrazord\triandco" xmlns="http://microsoft.com/schemas/VisualStudio/TeamTest/2010">
  <Times creation="2022-11-28T14:58:54.5103550+11:00" queuing="2022-11-28T14:58:54.5103552+11:00" start="2022-11-28T14:58:53.3057695+11:00" finish="2022-11-28T14:58:54.5152722+11:00" />
  <TestSettings name="default" id="e7c0fa2b-45de-4017-bffe-b03181ab21b1">
    <Deployment runDeploymentRoot="triandco_ULTRAZORD_2022-11-28_14_58_54" />
  </TestSettings>
  <Results>
    <UnitTestResult executionId="2d2b7b9e-ee97-4c87-96e6-7eeb11160b73" testId="be221988-9a78-393b-e323-4a6268bbbb2a" testName="WordPieceTokenizerTests.My test" computerName="ULTRAZORD" duration="00:00:00.0305484" startTime="2022-11-28T14:58:54.3925145+11:00" endTime="2022-11-28T14:58:54.3925355+11:00" testType="13cdc9d9-ddb5-4fa4-a97d-d965ccfc6d4b" outcome="Failed" testListId="8c84fa94-04c1-424b-9868-57a2d4851a1d" relativeResultsDirectory="2d2b7b9e-ee97-4c87-96e6-7eeb11160b73">
      <Output>
        <ErrorInfo>
          <Message>Assert.Same() Failure&#xD;
Expected: FSharpSet&lt;String&gt; ["##able", "##aff", "un"]&#xD;
Actual:   FSharpSet&lt;String&gt; ["[UNK]"]</Message>
          <StackTrace>   at WordPieceTokenizerTests.My test() in D:\Developer\triandco\blau\prototypes\sbert-dotnet\SentenceEmbedding.Tests\WordPieceTokenizerTests.fs:line 15</StackTrace>
        </ErrorInfo>
      </Output>
    </UnitTestResult>
  </Results>
  <TestDefinitions>
    <UnitTest name="WordPieceTokenizerTests.My test" storage="d:\developer\triandco\blau\prototypes\sbert-dotnet\sentenceembedding.tests\bin\debug\net6.0\sentenceembedding.tests.dll" id="be221988-9a78-393b-e323-4a6268bbbb2a">
      <Execution id="2d2b7b9e-ee97-4c87-96e6-7eeb11160b73" />
      <TestMethod codeBase="d:\Developer\triandco\blau\prototypes\sbert-dotnet\SentenceEmbedding.Tests\bin\Debug\net6.0\SentenceEmbedding.Tests.dll" adapterTypeName="executor://xunit/VsTestRunner2/netcoreapp" className="WordPieceTokenizerTests" name="My test" />
    </UnitTest>
  </TestDefinitions>
  <TestEntries>
    <TestEntry testId="be221988-9a78-393b-e323-4a6268bbbb2a" executionId="2d2b7b9e-ee97-4c87-96e6-7eeb11160b73" testListId="8c84fa94-04c1-424b-9868-57a2d4851a1d" />
  </TestEntries>
  <TestLists>
    <TestList name="Results Not in a List" id="8c84fa94-04c1-424b-9868-57a2d4851a1d" />
    <TestList name="All Loaded Results" id="19431567-8539-422a-85d7-44ee4e166bda" />
  </TestLists>
  <ResultSummary outcome="Failed">
    <Counters total="1" executed="1" passed="0" failed="1" error="0" timeout="0" aborted="0" inconclusive="0" passedButRunAborted="0" notRunnable="0" notExecuted="0" disconnected="0" warning="0" completed="0" inProgress="0" pending="0" />
    <Output>
      <StdOut>[xUnit.net 00:00:00.00] xUnit.net VSTest Adapter v2.4.3+1b45f5407b (64-bit .NET 6.0.11)&#xD;
[xUnit.net 00:00:00.49]   Discovering: SentenceEmbedding.Tests&#xD;
[xUnit.net 00:00:00.55]   Discovered:  SentenceEmbedding.Tests&#xD;
[xUnit.net 00:00:00.55]   Starting:    SentenceEmbedding.Tests&#xD;
[xUnit.net 00:00:00.64]       Assert.Same() Failure&#xD;
[xUnit.net 00:00:00.64]       Expected: FSharpSet&lt;String&gt; ["##able", "##aff", "un"]&#xD;
[xUnit.net 00:00:00.64]       Actual:   FSharpSet&lt;String&gt; ["[UNK]"]&#xD;
[xUnit.net 00:00:00.64]       Stack Trace:&#xD;
[xUnit.net 00:00:00.64]         D:\Developer\triandco\blau\prototypes\sbert-dotnet\SentenceEmbedding.Tests\WordPieceTokenizerTests.fs(15,0): at WordPieceTokenizerTests.My test()&#xD;
[xUnit.net 00:00:00.65]   Finished:    SentenceEmbedding.Tests&#xD;
</StdOut>
    </Output>
    <RunInfos>
      <RunInfo computerName="ULTRAZORD" outcome="Error" timestamp="2022-11-28T14:58:54.3893894+11:00">
        <Text>[xUnit.net 00:00:00.64]     WordPieceTokenizerTests.My test [FAIL]</Text>
      </RunInfo>
    </RunInfos>
  </ResultSummary>
</TestRun>